<?xml version="1.0" encoding="UTF-8"?>
<!-- Generated by org.testng.reporters.JUnitReportReporter -->
<testsuite hostname="LAPTOP-BKFOAL1M" failures="0" tests="4" name="TestRunner.RunnerTest" time="46.421" errors="0" timestamp="2023-08-05T14:43:02 IST" skipped="0">
  <testcase classname="TestRunner.RunnerTest" name="runScenario" time="5.814"/>
  <system-out/>
  <testcase classname="TestRunner.RunnerTest" name="runScenario" time="12.434"/>
  <system-out/>
  <testcase classname="TestRunner.RunnerTest" name="runScenario" time="0.738"/>
  <system-out/>
  <testcase classname="TestRunner.RunnerTest" name="runScenario" time="27.435"/>
  <system-out/>
</testsuite> <!-- TestRunner.RunnerTest -->
