<?xml version="1.0" encoding="UTF-8"?>
<!-- Generated by org.testng.reporters.JUnitReportReporter -->
<testsuite hostname="DESKTOP-L34GTT1" failures="0" tests="2" name="TestRunner.RunnerTest" time="13.539" errors="0" timestamp="2023-08-04T22:31:50 IST" skipped="0">
  <testcase classname="TestRunner.RunnerTest" name="runScenario" time="1.859"/>
  <system-out/>
  <testcase classname="TestRunner.RunnerTest" name="runScenario" time="11.680"/>
  <system-out/>
</testsuite> <!-- TestRunner.RunnerTest -->
