<?xml version="1.0" encoding="UTF-8"?>
<!-- Generated by org.testng.reporters.JUnitReportReporter -->
<testsuite hostname="DESKTOP-K4HISHR" failures="0" tests="3" name="TestRunner.RunnerTest" time="26.382" errors="0" timestamp="2023-08-05T07:55:08 IST" skipped="0">
  <testcase classname="TestRunner.RunnerTest" name="runScenario" time="3.151"/>
  <system-out/>
  <testcase classname="TestRunner.RunnerTest" name="runScenario" time="10.030"/>
  <system-out/>
  <testcase classname="TestRunner.RunnerTest" name="runScenario" time="13.201"/>
  <system-out/>
</testsuite> <!-- TestRunner.RunnerTest -->
