<?xml version="1.0" encoding="UTF-8"?>
<!-- Generated by org.testng.reporters.JUnitReportReporter -->
<testsuite hostname="DESKTOP-K4HISHR" failures="0" tests="1" name="TestRunner.RunnerTest" time="23.761" errors="0" timestamp="2023-08-04T17:13:17 IST" skipped="0">
  <testcase classname="TestRunner.RunnerTest" name="runScenario" time="23.761"/>
  <system-out/>
</testsuite> <!-- TestRunner.RunnerTest -->
